2025-03-25 03:15:10,485 - INFO - Features:
       rsi        ema20     ch        atr    volume
332.337857 85999.329749 833.02 832.061429 34.527447
2025-03-25 03:15:10,485 - INFO - تصمیم مدل: SELL | اعتماد: 0.56
2025-03-25 03:15:11,124 - INFO - Features:
     rsi       ema20    ch       atr     volume
8.902143 2031.763494 41.72 31.089286 708.053059
2025-03-25 03:15:11,124 - INFO - تصمیم مدل: SELL | اعتماد: 0.54
2025-03-25 03:15:12,292 - INFO - Features:
     rsi    ema20       ch      atr       volume
0.001584 0.175633 0.005432 0.003941 1.185415e+07
2025-03-25 03:15:12,292 - INFO - تصمیم مدل: BUY | اعتماد: 0.71
2025-03-25 03:20:13,934 - INFO - Features:
       rsi        ema20     ch    atr    volume
332.337857 85982.964988 974.54 842.17 36.356609
2025-03-25 03:20:13,934 - INFO - تصمیم مدل: SELL | اعتماد: 0.56
2025-03-25 03:20:15,106 - INFO - Features:
     rsi       ema20    ch       atr     volume
8.902143 2031.055875 44.86 31.313571 772.757827
2025-03-25 03:20:15,106 - INFO - تصمیم مدل: SELL | اعتماد: 0.55
2025-03-25 03:20:16,260 - INFO - Features:
    rsi   ema20       ch      atr       volume
0.00153 0.17556 0.005432 0.003941 1.218960e+07
2025-03-25 03:20:16,260 - INFO - تصمیم مدل: BUY | اعتماد: 0.71
2025-03-25 03:25:17,862 - INFO - Features:
       rsi        ema20      ch        atr    volume
332.337857 85984.234511 1000.43 844.019286 38.703394
2025-03-25 03:25:17,862 - INFO - تصمیم مدل: SELL | اعتماد: 0.56
2025-03-25 03:25:18,644 - INFO - Features:
     rsi       ema20    ch       atr     volume
8.902143 2030.951113 50.09 31.687143 848.167135
2025-03-25 03:25:18,644 - INFO - تصمیم مدل: SELL | اعتماد: 0.56
2025-03-25 03:25:19,331 - INFO - Features:
     rsi    ema20       ch      atr       volume
0.001524 0.175552 0.005432 0.003941 1.279839e+07
2025-03-25 03:25:19,331 - INFO - تصمیم مدل: BUY | اعتماد: 0.71
2025-03-25 03:30:20,726 - INFO - Features:
       rsi        ema20      ch        atr    volume
332.337857 85987.481178 1000.43 844.019286 39.186937
2025-03-25 03:30:20,726 - INFO - تصمیم مدل: SELL | اعتماد: 0.56
2025-03-25 03:30:21,867 - INFO - Features:
     rsi       ema20    ch       atr     volume
8.902143 2031.019685 50.09 31.687143 865.561813
2025-03-25 03:30:21,867 - INFO - تصمیم مدل: SELL | اعتماد: 0.53
2025-03-25 03:30:22,555 - INFO - Features:
     rsi   ema20       ch      atr       volume
0.001507 0.17553 0.005432 0.003941 1.291490e+07
2025-03-25 03:30:22,555 - INFO - تصمیم مدل: BUY | اعتماد: 0.71
2025-03-25 03:35:24,024 - INFO - Features:
       rsi       ema20      ch        atr    volume
332.337857 85980.52213 1000.43 844.019286 41.687896
2025-03-25 03:35:24,024 - INFO - تصمیم مدل: SELL | اعتماد: 0.56
2025-03-25 03:35:25,117 - INFO - Features:
     rsi       ema20    ch       atr     volume
8.902143 2030.464447 50.98 31.750714 889.880085
2025-03-25 03:35:25,117 - INFO - تصمیم مدل: SELL | اعتماد: 0.53
2025-03-25 03:35:26,352 - INFO - Features:
     rsi    ema20       ch      atr       volume
0.001466 0.175475 0.005432 0.003941 1.308018e+07
2025-03-25 03:35:26,352 - INFO - تصمیم مدل: BUY | اعتماد: 0.71
2025-03-25 03:40:27,688 - INFO - Features:
       rsi        ema20      ch        atr    volume
332.337857 85967.466892 1083.02 849.918571 45.313681
2025-03-25 03:40:27,688 - INFO - تصمیم مدل: SELL | اعتماد: 0.56
2025-03-25 03:40:28,281 - INFO - Features:
     rsi       ema20    ch   atr     volume
8.902143 2030.252066 53.21 31.91 942.664023
2025-03-25 03:40:28,281 - INFO - تصمیم مدل: BUY | اعتماد: 0.52
2025-03-25 03:40:28,896 - INFO - Features:
     rsi    ema20       ch      atr       volume
0.001431 0.175376 0.005432 0.003941 1.352083e+07
2025-03-25 03:40:28,896 - INFO - تصمیم مدل: BUY | اعتماد: 0.71
2025-03-25 03:45:30,376 - INFO - Features:
       rsi        ema20      ch        atr    volume
332.337857 85961.517368 1145.53 854.383571 47.722312
2025-03-25 03:45:30,376 - INFO - تصمیم مدل: SELL | اعتماد: 0.57
2025-03-25 03:45:31,676 - INFO - Features:
     rsi       ema20    ch       atr     volume
8.902143 2030.467304 54.14 31.976429 972.956391
2025-03-25 03:45:31,676 - INFO - تصمیم مدل: BUY | اعتماد: 0.55
2025-03-25 03:45:32,332 - INFO - Features:
     rsi    ema20       ch      atr       volume
0.001431 0.175347 0.005963 0.003979 1.427856e+07
2025-03-25 03:45:32,332 - INFO - تصمیم مدل: BUY | اعتماد: 0.71
2025-03-25 03:50:33,340 - INFO - Features:
       rsi        ema20      ch        atr    volume
332.337857 85950.854511 1285.53 864.383571 56.801925
2025-03-25 03:50:33,340 - INFO - تصمیم مدل: SELL | اعتماد: 0.56
2025-03-25 03:50:34,528 - INFO - Features:
     rsi       ema20    ch       atr     volume
8.902143 2030.164447 54.53 32.004286 996.586179
2025-03-25 03:50:34,528 - INFO - تصمیم مدل: BUY | اعتماد: 0.53
2025-03-25 03:50:35,256 - INFO - Features:
     rsi    ema20       ch      atr       volume
0.001431 0.175303 0.006278 0.004002 1.483543e+07
2025-03-25 03:50:35,256 - INFO - تصمیم مدل: BUY | اعتماد: 0.71
2025-03-25 03:55:36,181 - INFO - Features:
       rsi        ema20      ch        atr    volume
332.337857 85962.659273 1285.53 864.383571 58.256676
2025-03-25 03:55:36,181 - INFO - تصمیم مدل: SELL | اعتماد: 0.56
2025-03-25 03:55:37,333 - INFO - Features:
     rsi       ema20   ch       atr      volume
8.902143 2030.192066 54.6 32.009286 1018.201881
2025-03-25 03:55:37,333 - INFO - تصمیم مدل: BUY | اعتماد: 0.53
2025-03-25 03:55:38,024 - INFO - Features:
     rsi    ema20       ch      atr       volume
0.001431 0.175315 0.006278 0.004002 1.550614e+07
2025-03-25 03:55:38,024 - INFO - تصمیم مدل: BUY | اعتماد: 0.71
2025-03-25 04:00:39,413 - INFO - Features:
       rsi       ema20    ch        atr   volume
332.337857 86009.45857 17.29 830.284286 0.053949
2025-03-25 04:00:39,413 - INFO - تصمیم مدل: SELL | اعتماد: 0.55
2025-03-25 04:00:40,185 - INFO - Features:
     rsi       ema20   ch       atr   volume
8.902143 2031.394907 1.87 30.240714 5.312216
2025-03-25 04:00:40,185 - INFO - تصمیم مدل: SELL | اعتماد: 0.59
2025-03-25 04:00:41,278 - INFO - Features:
     rsi   ema20       ch     atr        volume
0.001431 0.17596 0.000383 0.00384 225324.317689
2025-03-25 04:00:41,294 - INFO - تصمیم مدل: BUY | اعتماد: 0.71
2025-03-25 04:05:43,040 - INFO - Features:
       rsi        ema20     ch        atr   volume
332.337857 86004.752855 172.81 841.392857 1.855711
2025-03-25 04:05:43,040 - INFO - تصمیم مدل: SELL | اعتماد: 0.55
2025-03-25 04:05:44,118 - INFO - Features:
     rsi       ema20   ch       atr    volume
8.902143 2031.378717 6.95 30.603571 52.740751
2025-03-25 04:05:44,118 - INFO - تصمیم مدل: SELL | اعتماد: 0.56
2025-03-25 04:05:45,189 - INFO - Features:
     rsi    ema20       ch      atr        volume
0.001431 0.175934 0.001277 0.003904 694085.474176
2025-03-25 04:05:45,189 - INFO - تصمیم مدل: BUY | اعتماد: 0.71
2025-03-25 04:10:46,706 - INFO - Features:
       rsi        ema20     ch     atr   volume
334.432857 86017.769998 264.96 847.975 2.306529
2025-03-25 04:10:46,706 - INFO - تصمیم مدل: SELL | اعتماد: 0.55
2025-03-25 04:10:47,802 - INFO - Features:
     rsi       ema20   ch       atr     volume
8.984286 2031.704431 9.87 30.812143 105.981751
2025-03-25 04:10:47,802 - INFO - تصمیم مدل: SELL | اعتماد: 0.6
2025-03-25 04:10:48,443 - INFO - Features:
     rsi    ema20       ch      atr        volume
0.001463 0.176013 0.001601 0.003927 868132.647255
2025-03-25 04:10:48,443 - INFO - تصمیم مدل: BUY | اعتماد: 0.71
2025-03-25 04:15:49,797 - INFO - Features:
       rsi        ema20     ch        atr   volume
333.768571 86016.884284 354.03 854.337143 3.808093
2025-03-25 04:15:49,813 - INFO - تصمیم مدل: SELL | اعتماد: 0.55
2025-03-25 04:15:50,922 - INFO - Features:
     rsi       ema20    ch       atr     volume
8.902143 2031.447288 10.48 30.855714 117.548199
2025-03-25 04:15:50,922 - INFO - تصمیم مدل: SELL | اعتماد: 0.6
2025-03-25 04:15:51,688 - INFO - Features:
     rsi    ema20       ch     atr       volume
0.001457 0.176005 0.002061 0.00396 1.031377e+06
2025-03-25 04:15:51,688 - INFO - تصمیم مدل: BUY | اعتماد: 0.71
2025-03-25 04:20:53,095 - INFO - Features:
       rsi        ema20     ch        atr   volume
333.033571 86015.904284 354.03 854.337143 5.031709
2025-03-25 04:20:53,095 - INFO - تصمیم مدل: SELL | اعتماد: 0.55
2025-03-25 04:20:53,799 - INFO - Features:
     rsi       ema20    ch       atr     volume
8.902143 2031.550145 10.48 30.855714 125.619373
2025-03-25 04:20:53,799 - INFO - تصمیم مدل: SELL | اعتماد: 0.61
2025-03-25 04:20:54,517 - INFO - Features:
     rsi  ema20       ch     atr       volume
0.001454  0.176 0.002061 0.00396 1.239247e+06
2025-03-25 04:20:54,517 - INFO - تصمیم مدل: BUY | اعتماد: 0.71
2025-03-25 04:25:55,592 - INFO - Features:
       rsi        ema20     ch        atr   volume
338.672857 86023.423331 386.75 856.674286 6.267931
2025-03-25 04:25:55,592 - INFO - تصمیم مدل: SELL | اعتماد: 0.55
2025-03-25 04:25:56,739 - INFO - Features:
  rsi       ema20   ch       atr     volume
9.075 2031.825383 12.2 30.978571 190.898395
2025-03-25 04:25:56,739 - INFO - تصمیم مدل: SELL | اعتماد: 0.6
2025-03-25 04:25:57,411 - INFO - Features:
     rsi    ema20       ch      atr       volume
0.001486 0.176044 0.002169 0.003968 1.445945e+06
2025-03-25 04:25:57,411 - INFO - تصمیم مدل: BUY | اعتماد: 0.71
2025-03-25 04:30:58,883 - INFO - Features:
       rsi        ema20     ch        atr   volume
332.337857 86007.995712 386.75 856.674286 7.459713
2025-03-25 04:30:58,883 - INFO - تصمیم مدل: SELL | اعتماد: 0.55
2025-03-25 04:30:59,712 - INFO - Features:
     rsi       ema20   ch       atr     volume
8.902143 2031.521574 12.2 30.978571 198.795965
2025-03-25 04:30:59,712 - INFO - تصمیم مدل: SELL | اعتماد: 0.6
2025-03-25 04:31:00,431 - INFO - Features:
     rsi    ema20       ch      atr       volume
0.001451 0.175997 0.002169 0.003968 1.551796e+06
2025-03-25 04:31:00,431 - INFO - تصمیم مدل: BUY | اعتماد: 0.71
2025-03-25 04:36:01,761 - INFO - Features:
       rsi        ema20     ch        atr   volume
332.337857 86010.892855 386.75 856.674286 9.481888
2025-03-25 04:36:01,761 - INFO - تصمیم مدل: SELL | اعتماد: 0.55
2025-03-25 04:36:02,370 - INFO - Features:
  rsi       ema20   ch       atr     volume
9.025 2031.758717 12.2 30.978571 208.808348
2025-03-25 04:36:02,370 - INFO - تصمیم مدل: SELL | اعتماد: 0.59
2025-03-25 04:36:02,995 - INFO - Features:
     rsi    ema20       ch      atr       volume
0.001473 0.176026 0.002169 0.003968 1.688428e+06
2025-03-25 04:36:02,995 - INFO - تصمیم مدل: BUY | اعتماد: 0.71
2025-03-25 04:41:04,493 - INFO - Features:
       rsi        ema20     ch        atr   volume
332.337857 86006.884284 386.75 856.674286 9.896711
2025-03-25 04:41:04,493 - INFO - تصمیم مدل: SELL | اعتماد: 0.55
2025-03-25 04:41:05,243 - INFO - Features:
     rsi       ema20   ch       atr     volume
8.902143 2031.545383 12.2 30.978571 221.947844
2025-03-25 04:41:05,243 - INFO - تصمیم مدل: SELL | اعتماد: 0.59
2025-03-25 04:41:06,024 - INFO - Features:
     rsi    ema20       ch      atr       volume
0.001458 0.176006 0.002169 0.003968 1.748527e+06
2025-03-25 04:41:06,024 - INFO - تصمیم مدل: BUY | اعتماد: 0.71
2025-03-25 04:46:07,070 - INFO - Features:
       rsi        ema20     ch        atr    volume
332.337857 86012.226189 386.75 856.674286 10.240577
2025-03-25 04:46:07,070 - INFO - تصمیم مدل: SELL | اعتماد: 0.55
2025-03-25 04:46:07,664 - INFO - Features:
     rsi       ema20   ch       atr     volume
9.022143 2031.754907 12.2 30.978571 228.483492
2025-03-25 04:46:07,664 - INFO - تصمیم مدل: SELL | اعتماد: 0.62
2025-03-25 04:46:08,273 - INFO - Features:
     rsi    ema20       ch     atr       volume
0.001505 0.176068 0.002199 0.00397 1.830031e+06
2025-03-25 04:46:08,273 - INFO - تصمیم مدل: BUY | اعتماد: 0.71
2025-03-25 04:51:09,545 - INFO - Features:
       rsi        ema20     ch        atr    volume
332.337857 86005.839522 386.75 856.674286 11.973303
2025-03-25 04:51:09,545 - INFO - تصمیم مدل: SELL | اعتماد: 0.55
2025-03-25 04:51:10,717 - INFO - Features:
     rsi       ema20   ch       atr     volume
8.902143 2031.557764 12.2 30.978571 237.863271
2025-03-25 04:51:10,717 - INFO - تصمیم مدل: SELL | اعتماد: 0.62
2025-03-25 04:51:11,351 - INFO - Features:
     rsi    ema20     ch     atr       volume
0.001462 0.176011 0.0022 0.00397 2.093343e+06
2025-03-25 04:51:11,351 - INFO - تصمیم مدل: BUY | اعتماد: 0.71
2025-03-25 04:56:12,711 - INFO - Features:
       rsi        ema20     ch        atr    volume
332.337857 86008.143331 386.75 856.674286 12.761382
2025-03-25 04:56:12,711 - INFO - تصمیم مدل: SELL | اعتماد: 0.55
2025-03-25 04:56:13,508 - INFO - Features:
     rsi      ema20   ch       atr     volume
8.902143 2031.49586 12.2 30.978571 249.792184
2025-03-25 04:56:13,508 - INFO - تصمیم مدل: SELL | اعتماد: 0.6
2025-03-25 04:56:14,275 - INFO - Features:
    rsi    ema20     ch     atr       volume
0.00147 0.176022 0.0022 0.00397 2.547516e+06
2025-03-25 04:56:14,275 - INFO - تصمیم مدل: BUY | اعتماد: 0.71
2025-03-25 05:01:15,552 - INFO - Features:
       rsi       ema20     ch        atr    volume
332.337857 86012.05476 386.75 856.674286 14.139841
2025-03-25 05:01:15,552 - INFO - تصمیم مدل: SELL | اعتماد: 0.55
2025-03-25 05:01:16,349 - INFO - Features:
     rsi       ema20   ch       atr     volume
9.039286 2031.777764 12.2 30.978571 257.382256
2025-03-25 05:01:16,349 - INFO - تصمیم مدل: SELL | اعتماد: 0.6
2025-03-25 05:01:17,066 - INFO - Features:
     rsi    ema20     ch     atr      volume
0.001488 0.176046 0.0022 0.00397 2872973.282
2025-03-25 05:01:17,066 - INFO - تصمیم مدل: BUY | اعتماد: 0.71
2025-03-25 05:06:18,106 - INFO - Features:
       rsi       ema20     ch        atr    volume
332.337857 86012.61857 386.75 856.674286 15.244361
2025-03-25 05:06:18,106 - INFO - تصمیم مدل: SELL | اعتماد: 0.55
2025-03-25 05:06:18,941 - INFO - Features:
     rsi       ema20   ch       atr     volume
8.902143 2031.589193 12.2 30.978571 267.423017
2025-03-25 05:06:18,941 - INFO - تصمیم مدل: SELL | اعتماد: 0.6
2025-03-25 05:06:19,790 - INFO - Features:
     rsi    ema20     ch     atr       volume
0.001477 0.176031 0.0022 0.00397 2.981880e+06
2025-03-25 05:06:19,790 - INFO - تصمیم مدل: BUY | اعتماد: 0.71
2025-03-25 05:11:20,975 - INFO - Features:
       rsi        ema20     ch        atr    volume
332.337857 86010.882379 386.75 856.674286 16.280195
2025-03-25 05:11:20,975 - INFO - تصمیم مدل: SELL | اعتماد: 0.55
2025-03-25 05:11:21,774 - INFO - Features:
     rsi       ema20   ch       atr     volume
8.902143 2031.557764 12.2 30.978571 281.620399
2025-03-25 05:11:21,774 - INFO - تصمیم مدل: SELL | اعتماد: 0.58
2025-03-25 05:11:22,415 - INFO - Features:
     rsi    ema20     ch     atr       volume
0.001481 0.176037 0.0022 0.00397 3.069225e+06
2025-03-25 05:11:22,415 - INFO - تصمیم مدل: BUY | اعتماد: 0.71
2025-03-25 05:16:23,819 - INFO - Features:
       rsi        ema20     ch        atr    volume
332.337857 86008.113808 386.75 856.674286 16.852022
2025-03-25 05:16:23,819 - INFO - تصمیم مدل: SELL | اعتماد: 0.55
2025-03-25 05:16:25,069 - INFO - Features:
     rsi       ema20   ch       atr     volume
8.902143 2031.364431 12.2 30.978571 303.221561
2025-03-25 05:16:25,069 - INFO - تصمیم مدل: SELL | اعتماد: 0.57
2025-03-25 05:16:26,225 - INFO - Features:
     rsi  ema20     ch     atr       volume
0.001454  0.176 0.0022 0.00397 3.089763e+06
2025-03-25 05:16:26,225 - INFO - تصمیم مدل: BUY | اعتماد: 0.71
2025-03-25 05:21:27,615 - INFO - Features:
       rsi        ema20     ch        atr    volume
332.337857 86013.928093 386.75 856.674286 18.576883
2025-03-25 05:21:27,615 - INFO - تصمیم مدل: SELL | اعتماد: 0.55
2025-03-25 05:21:28,790 - INFO - Features:
     rsi       ema20   ch       atr     volume
8.902143 2031.578717 12.2 30.978571 307.604223
2025-03-25 05:21:28,790 - INFO - تصمیم مدل: SELL | اعتماد: 0.57
2025-03-25 05:21:30,820 - INFO - Features:
     rsi    ema20     ch     atr       volume
0.001488 0.176046 0.0022 0.00397 3.214063e+06
2025-03-25 05:21:30,820 - INFO - تصمیم مدل: BUY | اعتماد: 0.71
2025-03-25 05:26:32,337 - INFO - Features:
       rsi        ema20     ch        atr    volume
340.230714 86025.500474 386.75 856.674286 19.980127
2025-03-25 05:26:32,337 - INFO - تصمیم مدل: SELL | اعتماد: 0.55
2025-03-25 05:26:32,931 - INFO - Features:
     rsi       ema20   ch       atr     volume
9.042857 2031.782526 12.2 30.978571 311.881348
2025-03-25 05:26:32,931 - INFO - تصمیم مدل: SELL | اعتماد: 0.57
2025-03-25 05:26:33,573 - INFO - Features:
     rsi    ema20      ch      atr       volume
0.001535 0.176108 0.00257 0.003997 3.467925e+06
2025-03-25 05:26:33,573 - INFO - تصمیم مدل: BUY | اعتماد: 0.71
2025-03-25 05:31:34,596 - INFO - Features:
       rsi        ema20     ch        atr    volume
342.192143 86028.115712 386.75 856.674286 21.436355
2025-03-25 05:31:34,596 - INFO - تصمیم مدل: SELL | اعتماد: 0.55
2025-03-25 05:31:35,221 - INFO - Features:
     rsi       ema20   ch       atr     volume
9.130714 2031.899669 12.2 30.978571 352.248461
2025-03-25 05:31:35,221 - INFO - تصمیم مدل: SELL | اعتماد: 0.57
2025-03-25 05:31:35,971 - INFO - Features:
     rsi    ema20       ch      atr       volume
0.001561 0.176143 0.003079 0.004033 3.734493e+06
2025-03-25 05:31:35,971 - INFO - تصمیم مدل: BUY | اعتماد: 0.71
2025-03-25 05:36:37,025 - INFO - Features:
       rsi        ema20     ch        atr    volume
345.387143 86032.375712 430.53 859.801429 22.511631
2025-03-25 05:36:37,025 - INFO - تصمیم مدل: SELL | اعتماد: 0.56
2025-03-25 05:36:37,665 - INFO - Features:
  rsi      ema20    ch       atr     volume
9.185 2031.97205 14.76 31.161429 369.973995
2025-03-25 05:36:37,665 - INFO - تصمیم مدل: SELL | اعتماد: 0.57
2025-03-25 05:36:38,823 - INFO - Features:
     rsi    ema20       ch      atr       volume
0.001584 0.176174 0.003658 0.004074 4.302638e+06
2025-03-25 05:36:38,823 - INFO - تصمیم مدل: BUY | اعتماد: 0.71
2025-03-25 05:41:40,297 - INFO - Features:
       rsi        ema20     ch        atr    volume
338.290714 86022.913808 430.53 859.801429 24.956452
2025-03-25 05:41:40,297 - INFO - تصمیم مدل: SELL | اعتماد: 0.56
2025-03-25 05:41:41,469 - INFO - Features:
     rsi       ema20    ch       atr     volume
8.902143 2031.582526 14.76 31.161429 379.709993
2025-03-25 05:41:41,469 - INFO - تصمیم مدل: SELL | اعتماد: 0.56
2025-03-25 05:41:42,819 - INFO - Features:
     rsi    ema20       ch      atr       volume
0.001545 0.176122 0.003658 0.004074 4.448769e+06
2025-03-25 05:41:42,819 - INFO - تصمیم مدل: BUY | اعتماد: 0.71
2025-03-25 05:46:44,126 - INFO - Features:
       rsi        ema20     ch        atr    volume
350.837143 86039.642379 472.46 862.796429 26.856283
2025-03-25 05:46:44,126 - INFO - تصمیم مدل: SELL | اعتماد: 0.56
2025-03-25 05:46:44,814 - INFO - Features:
     rsi       ema20    ch       atr     volume
9.199286 2031.991098 14.76 31.161429 385.646283
2025-03-25 05:46:44,814 - INFO - تصمیم مدل: SELL | اعتماد: 0.56
2025-03-25 05:46:45,501 - INFO - Features:
     rsi    ema20       ch      atr       volume
0.001616 0.176217 0.003714 0.004078 4.493178e+06
2025-03-25 05:46:45,501 - INFO - تصمیم مدل: BUY | اعتماد: 0.71
2025-03-25 05:51:46,773 - INFO - Features:
       rsi        ema20     ch        atr    volume
347.917857 86035.749998 472.47 862.797143 27.456853
2025-03-25 05:51:46,773 - INFO - تصمیم مدل: SELL | اعتماد: 0.56
2025-03-25 05:51:47,618 - INFO - Features:
     rsi       ema20    ch       atr     volume
9.293571 2032.116812 14.76 31.161429 391.299327
2025-03-25 05:51:47,618 - INFO - تصمیم مدل: SELL | اعتماد: 0.56
2025-03-25 05:51:48,274 - INFO - Features:
     rsi    ema20       ch    atr       volume
0.001634 0.176241 0.004018 0.0041 4.646202e+06
2025-03-25 05:51:48,274 - INFO - تصمیم مدل: BUY | اعتماد: 0.71
2025-03-25 05:56:49,569 - INFO - Features:
       rsi        ema20     ch        atr    volume
347.918571 86035.750951 472.47 862.797143 27.971099
2025-03-25 05:56:49,569 - INFO - تصمیم مدل: SELL | اعتماد: 0.56
2025-03-25 05:56:50,398 - INFO - Features:
     rsi       ema20    ch       atr     volume
9.222857 2032.022526 14.76 31.161429 392.676984
2025-03-25 05:56:50,398 - INFO - تصمیم مدل: SELL | اعتماد: 0.56
2025-03-25 05:56:51,491 - INFO - Features:
     rsi    ema20       ch      atr       volume
0.001622 0.176225 0.004127 0.004108 4.680271e+06
2025-03-25 05:56:51,491 - INFO - تصمیم مدل: BUY | اعتماد: 0.71
2025-03-25 06:01:52,522 - INFO - Features:
       rsi        ema20     ch        atr   volume
342.241429 86028.181427 472.47 862.797143 29.57901
2025-03-25 06:01:52,522 - INFO - تصمیم مدل: SELL | اعتماد: 0.56
2025-03-25 06:01:53,185 - INFO - Features:
     rsi      ema20    ch       atr     volume
9.262857 2032.07586 14.76 31.161429 400.742394
2025-03-25 06:01:53,185 - INFO - تصمیم مدل: SELL | اعتماد: 0.56
2025-03-25 06:01:53,811 - INFO - Features:
    rsi    ema20       ch      atr       volume
0.00161 0.176209 0.004127 0.004108 4.725904e+06
2025-03-25 06:01:53,811 - INFO - تصمیم مدل: BUY | اعتماد: 0.71
2025-03-25 06:06:54,891 - INFO - Features:
       rsi        ema20     ch        atr    volume
349.413571 86037.744284 472.47 862.797143 30.377086
2025-03-25 06:06:54,891 - INFO - تصمیم مدل: SELL | اعتماد: 0.56
2025-03-25 06:06:55,637 - INFO - Features:
     rsi       ema20    ch       atr     volume
9.499286 2032.391098 15.95 31.246429 412.250964
2025-03-25 06:06:55,637 - INFO - تصمیم مدل: SELL | اعتماد: 0.56
2025-03-25 06:06:56,481 - INFO - Features:
     rsi    ema20       ch      atr       volume
0.001647 0.176258 0.004205 0.004113 4.932540e+06
2025-03-25 06:06:56,481 - INFO - تصمیم مدل: BUY | اعتماد: 0.71
2025-03-25 06:11:57,371 - INFO - Features:
       rsi        ema20     ch        atr    volume
348.193571 86036.117617 472.47 862.797143 31.290963
2025-03-25 06:11:57,371 - INFO - تصمیم مدل: SELL | اعتماد: 0.56
2025-03-25 06:11:58,241 - INFO - Features:
     rsi       ema20    ch       atr     volume
9.454286 2032.331098 16.57 31.290714 424.174506
2025-03-25 06:11:58,241 - INFO - تصمیم مدل: SELL | اعتماد: 0.56
2025-03-25 06:11:58,881 - INFO - Features:
     rsi    ema20      ch      atr       volume
0.001641 0.176249 0.00427 0.004118 5.090573e+06
2025-03-25 06:11:58,881 - INFO - تصمیم مدل: BUY | اعتماد: 0.71
2025-03-25 06:16:59,899 - INFO - Features:
       rsi        ema20     ch        atr    volume
347.625714 86035.360474 492.13 864.201429 33.372833
2025-03-25 06:16:59,899 - INFO - تصمیم مدل: SELL | اعتماد: 0.56
2025-03-25 06:17:00,508 - INFO - Features:
     rsi       ema20    ch       atr     volume
9.513571 2032.410145 17.48 31.355714 442.367963
2025-03-25 06:17:00,508 - INFO - تصمیم مدل: SELL | اعتماد: 0.56
2025-03-25 06:17:01,138 - INFO - Features:
     rsi    ema20       ch      atr       volume
0.001598 0.176193 0.004306 0.004121 5.133300e+06
2025-03-25 06:17:01,138 - INFO - تصمیم مدل: BUY | اعتماد: 0.71
2025-03-25 06:22:02,457 - INFO - Features:
       rsi        ema20     ch        atr    volume
348.578571 86036.630951 501.46 864.867857 36.439657
2025-03-25 06:22:02,457 - INFO - تصمیم مدل: SELL | اعتماد: 0.56
2025-03-25 06:22:03,113 - INFO - Features:
     rsi       ema20    ch       atr     volume
9.689286 2032.644431 18.62 31.437143 450.715077
2025-03-25 06:22:03,113 - INFO - تصمیم مدل: SELL | اعتماد: 0.56
2025-03-25 06:22:04,232 - INFO - Features:
     rsi    ema20       ch      atr       volume
0.001593 0.176186 0.004306 0.004121 5.326987e+06
2025-03-25 06:22:04,232 - INFO - تصمیم مدل: BUY | اعتماد: 0.71
2025-03-25 06:27:05,284 - INFO - Features:
       rsi        ema20     ch        atr   volume
345.766429 86032.881427 501.46 864.867857 38.74649
2025-03-25 06:27:05,284 - INFO - تصمیم مدل: SELL | اعتماد: 0.56
2025-03-25 06:27:06,175 - INFO - Features:
     rsi       ema20    ch       atr     volume
9.582143 2032.501574 18.62 31.437143 455.960324
2025-03-25 06:27:06,175 - INFO - تصمیم مدل: SELL | اعتماد: 0.56
2025-03-25 06:27:06,833 - INFO - Features:
     rsi   ema20       ch      atr       volume
0.001551 0.17613 0.004306 0.004121 5.466565e+06
2025-03-25 06:27:06,833 - INFO - تصمیم مدل: BUY | اعتماد: 0.71
2025-03-25 06:32:08,053 - INFO - Features:
       rsi        ema20     ch        atr    volume
351.466429 86040.481427 501.46 864.867857 39.525795
2025-03-25 06:32:08,053 - INFO - تصمیم مدل: SELL | اعتماد: 0.56
2025-03-25 06:32:09,245 - INFO - Features:
     rsi       ema20    ch       atr    volume
9.826429 2032.827288 20.52 31.572857 465.59333
2025-03-25 06:32:09,245 - INFO - تصمیم مدل: SELL | اعتماد: 0.57
2025-03-25 06:32:10,123 - INFO - Features:
     rsi    ema20       ch      atr       volume
0.001567 0.176151 0.004306 0.004121 5.633313e+06
2025-03-25 06:32:10,123 - INFO - تصمیم مدل: BUY | اعتماد: 0.71
2025-03-25 06:37:11,730 - INFO - Features:
       rsi        ema20     ch        atr    volume
355.348571 86045.657617 593.15 871.417143 43.447131
2025-03-25 06:37:11,730 - INFO - تصمیم مدل: SELL | اعتماد: 0.56
2025-03-25 06:37:12,886 - INFO - Features:
     rsi       ema20    ch       atr     volume
9.955714 2032.999669 23.59 31.792143 483.785006
2025-03-25 06:37:12,886 - INFO - تصمیم مدل: SELL | اعتماد: 0.57
2025-03-25 06:37:13,996 - INFO - Features:
    rsi    ema20       ch      atr       volume
0.00158 0.176168 0.004306 0.004121 5.868092e+06
2025-03-25 06:37:13,996 - INFO - تصمیم مدل: BUY | اعتماد: 0.71
2025-03-25 06:42:15,418 - INFO - Features:
       rsi        ema20     ch        atr  volume
356.172857 86046.756665 593.15 871.417143 47.1828
2025-03-25 06:42:15,418 - INFO - تصمیم مدل: SELL | اعتماد: 0.57
2025-03-25 06:42:16,230 - INFO - Features:
     rsi       ema20    ch       atr     volume
9.857857 2032.869193 23.59 31.792143 521.661999
2025-03-25 06:42:16,230 - INFO - تصمیم مدل: SELL | اعتماد: 0.57
2025-03-25 06:42:16,902 - INFO - Features:
     rsi   ema20       ch      atr       volume
0.001574 0.17616 0.004306 0.004121 5.883834e+06
2025-03-25 06:42:16,902 - INFO - تصمیم مدل: BUY | اعتماد: 0.71
2025-03-25 06:47:17,987 - INFO - Features:
       rsi        ema20     ch        atr    volume
342.349286 86028.325236 593.15 871.417143 54.709716
2025-03-25 06:47:17,987 - INFO - تصمیم مدل: SELL | اعتماد: 0.56
2025-03-25 06:47:18,830 - INFO - Features:
     rsi      ema20    ch       atr     volume
9.517857 2032.41586 23.59 31.792143 550.426246
2025-03-25 06:47:18,830 - INFO - تصمیم مدل: SELL | اعتماد: 0.56
2025-03-25 06:47:19,565 - INFO - Features:
     rsi    ema20       ch      atr       volume
0.001527 0.176098 0.004306 0.004121 6.431562e+06
2025-03-25 06:47:19,565 - INFO - تصمیم مدل: BUY | اعتماد: 0.71
2025-03-25 06:52:20,549 - INFO - Features:
       rsi        ema20     ch        atr    volume
335.077143 86018.629046 593.15 871.417143 57.420818
2025-03-25 06:52:20,549 - INFO - تصمیم مدل: SELL | اعتماد: 0.56
2025-03-25 06:52:21,268 - INFO - Features:
     rsi       ema20    ch       atr     volume
9.536429 2032.440622 23.59 31.792143 567.867886
2025-03-25 06:52:21,268 - INFO - تصمیم مدل: SELL | اعتماد: 0.55
2025-03-25 06:52:21,948 - INFO - Features:
     rsi    ema20       ch      atr       volume
0.001511 0.176076 0.004306 0.004121 6.531759e+06
2025-03-25 06:52:21,948 - INFO - تصمیم مدل: BUY | اعتماد: 0.71
2025-03-25 06:57:23,552 - INFO - Features:
   rsi        ema20     ch        atr    volume
336.76 86020.872855 593.15 871.417143 58.879969
2025-03-25 06:57:23,552 - INFO - تصمیم مدل: SELL | اعتماد: 0.56
2025-03-25 06:57:24,365 - INFO - Features:
     rsi       ema20    ch       atr     volume
9.676429 2032.627288 23.59 31.792143 569.632915
2025-03-25 06:57:24,365 - INFO - تصمیم مدل: SELL | اعتماد: 0.55
2025-03-25 06:57:25,037 - INFO - Features:
     rsi    ema20       ch      atr       volume
0.001511 0.176077 0.004306 0.004121 7.012671e+06
2025-03-25 06:57:25,037 - INFO - تصمیم مدل: BUY | اعتماد: 0.71
2025-03-25 07:02:26,305 - INFO - Features:
       rsi        ema20     ch        atr    volume
342.860714 86029.007141 593.15 871.417143 60.104037
2025-03-25 07:02:26,305 - INFO - تصمیم مدل: SELL | اعتماد: 0.56
2025-03-25 07:02:27,134 - INFO - Features:
     rsi       ema20    ch       atr     volume
9.943571 2032.983479 23.59 31.792143 570.985432
2025-03-25 07:02:27,134 - INFO - تصمیم مدل: SELL | اعتماد: 0.55
2025-03-25 07:02:27,946 - INFO - Features:
     rsi    ema20       ch      atr       volume
0.001547 0.176124 0.004306 0.004121 7.164057e+06
2025-03-25 07:02:27,946 - INFO - تصمیم مدل: BUY | اعتماد: 0.71
2025-03-25 07:07:29,227 - INFO - Features:
       rsi       ema20     ch        atr    volume
351.029286 86039.89857 593.15 871.417143 62.372445
2025-03-25 07:07:29,227 - INFO - تصمیم مدل: SELL | اعتماد: 0.57
2025-03-25 07:07:30,420 - INFO - Features:
      rsi       ema20    ch       atr     volume
10.171429 2033.287288 29.21 32.193571 597.125874
2025-03-25 07:07:30,420 - INFO - تصمیم مدل: SELL | اعتماد: 0.55
2025-03-25 07:07:31,116 - INFO - Features:
     rsi    ema20       ch      atr       volume
0.001541 0.176117 0.004306 0.004121 7292480.1648
2025-03-25 07:07:31,116 - INFO - تصمیم مدل: BUY | اعتماد: 0.71
2025-03-25 07:12:32,135 - INFO - Features:
   rsi        ema20     ch        atr    volume
346.01 86033.206189 593.15 871.417143 63.281669
2025-03-25 07:12:32,135 - INFO - تصمیم مدل: SELL | اعتماد: 0.57
2025-03-25 07:12:32,760 - INFO - Features:
      rsi       ema20    ch       atr     volume
10.021429 2033.087288 29.21 32.193571 600.378101
2025-03-25 07:12:32,760 - INFO - تصمیم مدل: SELL | اعتماد: 0.55
2025-03-25 07:12:33,369 - INFO - Features:
     rsi    ema20       ch      atr       volume
0.001523 0.176093 0.004306 0.004121 7.527166e+06
2025-03-25 07:12:33,369 - INFO - تصمیم مدل: BUY | اعتماد: 0.71
2025-03-25 07:17:34,360 - INFO - Features:
       rsi        ema20     ch        atr    volume
338.047143 86022.589046 593.15 871.417143 66.925889
2025-03-25 07:17:34,360 - INFO - تصمیم مدل: SELL | اعتماد: 0.57
2025-03-25 07:17:35,000 - INFO - Features:
      rsi       ema20    ch       atr     volume
10.142143 2033.248241 29.21 32.193571 617.823853
2025-03-25 07:17:35,000 - INFO - تصمیم مدل: SELL | اعتماد: 0.54
2025-03-25 07:17:35,610 - INFO - Features:
    rsi    ema20       ch      atr       volume
0.00155 0.176129 0.004306 0.004121 7.751087e+06
2025-03-25 07:17:35,610 - INFO - تصمیم مدل: BUY | اعتماد: 0.71
2025-03-25 07:22:36,569 - INFO - Features:
       rsi       ema20     ch        atr    volume
338.339286 86022.97857 593.15 871.417143 67.594392
2025-03-25 07:22:36,569 - INFO - تصمیم مدل: SELL | اعتماد: 0.57
2025-03-25 07:22:37,272 - INFO - Features:
  rsi       ema20    ch       atr     volume
9.985 2033.038717 29.21 32.193571 633.805093
2025-03-25 07:22:37,272 - INFO - تصمیم مدل: SELL | اعتماد: 0.55
2025-03-25 07:22:37,913 - INFO - Features:
     rsi    ema20       ch      atr       volume
0.001558 0.176139 0.004306 0.004121 7.899259e+06
2025-03-25 07:22:37,913 - INFO - تصمیم مدل: BUY | اعتماد: 0.71
2025-03-25 07:27:39,342 - INFO - Features:
    rsi        ema20     ch        atr    volume
337.265 86021.546189 593.15 871.417143 70.256456
2025-03-25 07:27:39,342 - INFO - تصمیم مدل: SELL | اعتماد: 0.57
2025-03-25 07:27:40,436 - INFO - Features:
     rsi       ema20    ch       atr     volume
9.964286 2033.011098 29.21 32.193571 645.751553
2025-03-25 07:27:40,436 - INFO - تصمیم مدل: SELL | اعتماد: 0.53
2025-03-25 07:27:41,623 - INFO - Features:
     rsi   ema20       ch      atr       volume
0.001551 0.17613 0.004306 0.004121 7.948390e+06
2025-03-25 07:27:41,623 - INFO - تصمیم مدل: BUY | اعتماد: 0.71
2025-03-25 07:32:42,877 - INFO - Features:
       rsi        ema20     ch        atr    volume
332.337857 86012.941427 593.15 871.417143 73.022142
2025-03-25 07:32:42,877 - INFO - تصمیم مدل: SELL | اعتماد: 0.57
2025-03-25 07:32:43,779 - INFO - Features:
     rsi       ema20    ch       atr     volume
9.834286 2032.837764 29.21 32.193571 659.729674
2025-03-25 07:32:43,779 - INFO - تصمیم مدل: SELL | اعتماد: 0.53
2025-03-25 07:32:44,408 - INFO - Features:
     rsi    ema20       ch      atr       volume
0.001537 0.176112 0.004306 0.004121 8.070359e+06
2025-03-25 07:32:44,408 - INFO - تصمیم مدل: BUY | اعتماد: 0.71
2025-03-25 07:37:45,824 - INFO - Features:
       rsi        ema20     ch        atr    volume
332.337857 86012.940474 593.15 871.417143 74.634644
2025-03-25 07:37:45,824 - INFO - تصمیم مدل: SELL | اعتماد: 0.57
2025-03-25 07:37:46,905 - INFO - Features:
     rsi       ema20    ch       atr     volume
9.592143 2032.514907 29.21 32.193571 679.346581
2025-03-25 07:37:46,905 - INFO - تصمیم مدل: SELL | اعتماد: 0.52
2025-03-25 07:37:47,967 - INFO - Features:
     rsi    ema20       ch      atr       volume
0.001492 0.176051 0.004306 0.004121 8.430794e+06
2025-03-25 07:37:47,967 - INFO - تصمیم مدل: BUY | اعتماد: 0.71
2025-03-25 07:42:49,517 - INFO - Features:
       rsi        ema20     ch        atr    volume
332.337857 86002.165236 593.15 871.417143 77.581254
2025-03-25 07:42:49,517 - INFO - تصمیم مدل: SELL | اعتماد: 0.58
2025-03-25 07:42:50,548 - INFO - Features:
     rsi       ema20    ch       atr     volume
9.508571 2032.403479 29.21 32.193571 683.890432
2025-03-25 07:42:50,548 - INFO - تصمیم مدل: SELL | اعتماد: 0.52
2025-03-25 07:42:51,618 - INFO - Features:
     rsi    ema20       ch      atr       volume
0.001467 0.176017 0.004306 0.004121 8.876858e+06
2025-03-25 07:42:51,618 - INFO - تصمیم مدل: BUY | اعتماد: 0.71
2025-03-25 07:47:53,029 - INFO - Features:
       rsi        ema20     ch        atr    volume
332.337857 86009.086189 593.15 871.417143 79.875921
2025-03-25 07:47:53,029 - INFO - تصمیم مدل: SELL | اعتماد: 0.58
2025-03-25 07:47:54,137 - INFO - Features:
     rsi       ema20    ch       atr     volume
9.497857 2032.389193 29.21 32.193571 692.028809
2025-03-25 07:47:54,137 - INFO - تصمیم مدل: SELL | اعتماد: 0.52
2025-03-25 07:47:55,259 - INFO - Features:
     rsi    ema20       ch      atr       volume
0.001462 0.176011 0.004306 0.004121 8.973245e+06
2025-03-25 07:47:55,259 - INFO - تصمیم مدل: BUY | اعتماد: 0.71
2025-03-25 07:52:56,471 - INFO - Features:
       rsi        ema20     ch        atr   volume
332.337857 86009.713808 593.15 871.417143 81.15483
2025-03-25 07:52:56,471 - INFO - تصمیم مدل: SELL | اعتماد: 0.58
2025-03-25 07:52:57,254 - INFO - Features:
     rsi       ema20    ch       atr     volume
9.572143 2032.488241 29.21 32.193571 717.609912
2025-03-25 07:52:57,254 - INFO - تصمیم مدل: SELL | اعتماد: 0.55
2025-03-25 07:52:58,083 - INFO - Features:
     rsi    ema20       ch      atr       volume
0.001482 0.176037 0.004306 0.004121 9.397828e+06
2025-03-25 07:52:58,083 - INFO - تصمیم مدل: BUY | اعتماد: 0.71
2025-03-25 07:57:59,308 - INFO - Features:
       rsi        ema20     ch        atr    volume
332.337857 86007.297617 593.15 871.417143 82.502203
2025-03-25 07:57:59,308 - INFO - تصمیم مدل: SELL | اعتماد: 0.58
2025-03-25 07:58:00,089 - INFO - Features:
     rsi       ema20    ch       atr     volume
9.735714 2032.706336 29.21 32.193571 728.955786
2025-03-25 07:58:00,089 - INFO - تصمیم مدل: SELL | اعتماد: 0.55
2025-03-25 07:58:01,229 - INFO - Features:
     rsi    ema20       ch      atr       volume
0.001502 0.176065 0.004306 0.004121 9.435834e+06
2025-03-25 07:58:01,229 - INFO - تصمیم مدل: BUY | اعتماد: 0.71
2025-03-25 08:03:02,304 - INFO - Features:
       rsi        ema20    ch   atr   volume
310.660714 86060.441697 68.15 843.9 0.388403
2025-03-25 08:03:02,304 - INFO - تصمیم مدل: SELL | اعتماد: 0.55
2025-03-25 08:03:02,933 - INFO - Features:
     rsi       ema20   ch       atr   volume
8.003571 2035.205233 3.11 30.192143 1.556141
2025-03-25 08:03:02,933 - INFO - تصمیم مدل: SELL | اعتماد: 0.59
2025-03-25 08:03:03,573 - INFO - Features:
     rsi    ema20       ch      atr        volume
0.001444 0.176763 0.000507 0.004029 171126.540421
2025-03-25 08:03:03,573 - INFO - تصمیم مدل: BUY | اعتماد: 0.71
2025-03-25 08:08:04,445 - INFO - Features:
       rsi        ema20    ch        atr   volume
308.737857 86057.877887 91.06 845.536429 1.144646
2025-03-25 08:08:04,445 - INFO - تصمیم مدل: SELL | اعتماد: 0.55
2025-03-25 08:08:05,257 - INFO - Features:
     rsi     ema20   ch       atr    volume
8.098571 2035.3319 3.84 30.244286 10.893174
2025-03-25 08:08:05,257 - INFO - تصمیم مدل: SELL | اعتماد: 0.55
2025-03-25 08:08:05,882 - INFO - Features:
     rsi   ema20       ch     atr        volume
0.001427 0.17674 0.000516 0.00403 269474.931287
2025-03-25 08:08:05,882 - INFO - تصمیم مدل: BUY | اعتماد: 0.71
2025-03-25 08:13:07,327 - INFO - Features:
       rsi        ema20    ch        atr   volume
306.300714 86054.628364 96.91 845.954286 3.972808
2025-03-25 08:13:07,327 - INFO - تصمیم مدل: SELL | اعتماد: 0.55
2025-03-25 08:13:07,966 - INFO - Features:
     rsi       ema20   ch       atr    volume
7.997857 2035.197614 4.12 30.264286 19.886016
2025-03-25 08:13:07,966 - INFO - تصمیم مدل: SELL | اعتماد: 0.55
2025-03-25 08:13:08,591 - INFO - Features:
     rsi    ema20       ch     atr        volume
0.001424 0.176737 0.000516 0.00403 416568.117361
2025-03-25 08:13:08,591 - INFO - تصمیم مدل: BUY | اعتماد: 0.71
2025-03-25 08:18:10,181 - INFO - Features:
       rsi        ema20     ch        atr   volume
305.793571 86051.501697 125.63 848.005714 6.937436
2025-03-25 08:18:10,181 - INFO - تصمیم مدل: SELL | اعتماد: 0.55
2025-03-25 08:18:10,821 - INFO - Features:
     rsi       ema20   ch       atr    volume
7.884286 2035.046186 4.37 30.282143 41.364634
2025-03-25 08:18:10,837 - INFO - تصمیم مدل: SELL | اعتماد: 0.56
2025-03-25 08:18:11,524 - INFO - Features:
     rsi    ema20       ch     atr        volume
0.001413 0.176721 0.000516 0.00403 441277.832509
2025-03-25 08:18:11,524 - INFO - تصمیم مدل: BUY | اعتماد: 0.71
2025-03-25 08:23:12,750 - INFO - Features:
       rsi        ema20     ch        atr   volume
311.128571 86061.065506 149.06 849.679286 8.546848
2025-03-25 08:23:12,750 - INFO - تصمیم مدل: SELL | اعتماد: 0.55
2025-03-25 08:23:13,928 - INFO - Features:
     rsi       ema20   ch       atr   volume
7.937143 2035.116662 6.33 30.422143 67.29691
2025-03-25 08:23:13,928 - INFO - تصمیم مدل: SELL | اعتماد: 0.57
2025-03-25 08:23:14,584 - INFO - Features:
     rsi    ema20       ch      atr        volume
0.001452 0.176774 0.001054 0.004068 746851.930738
2025-03-25 08:23:14,584 - INFO - تصمیم مدل: BUY | اعتماد: 0.71
2025-03-25 08:28:15,795 - INFO - Features:
       rsi        ema20    ch     atr    volume
316.802143 86068.630268 250.5 856.925 12.112943
2025-03-25 08:28:15,795 - INFO - تصمیم مدل: SELL | اعتماد: 0.55
2025-03-25 08:28:16,955 - INFO - Features:
     rsi     ema20   ch       atr    volume
8.143571 2035.3919 7.06 30.474286 70.150562
2025-03-25 08:28:16,955 - INFO - تصمیم مدل: SELL | اعتماد: 0.57
2025-03-25 08:28:17,799 - INFO - Features:
     rsi    ema20       ch      atr        volume
0.001462 0.176786 0.001318 0.004087 814991.593821
2025-03-25 08:28:17,799 - INFO - تصمیم مدل: BUY | اعتماد: 0.71
2025-03-25 08:33:19,373 - INFO - Features:
       rsi        ema20    ch     atr    volume
318.987143 86071.543602 250.5 856.925 13.362746
2025-03-25 08:33:19,373 - INFO - تصمیم مدل: SELL | اعتماد: 0.55
2025-03-25 08:33:20,014 - INFO - Features:
     rsi       ema20   ch   atr   volume
8.192857 2035.457614 7.28 30.49 76.09208
2025-03-25 08:33:20,014 - INFO - تصمیم مدل: SELL | اعتماد: 0.58
2025-03-25 08:33:20,660 - INFO - Features:
     rsi    ema20       ch      atr       volume
0.001484 0.176816 0.001503 0.004101 1.089887e+06
2025-03-25 08:33:20,660 - INFO - تصمیم مدل: BUY | اعتماد: 0.71
2025-03-25 08:38:21,729 - INFO - Features:
       rsi        ema20    ch     atr    volume
320.131429 86073.069316 250.5 856.925 14.375065
2025-03-25 08:38:21,729 - INFO - تصمیم مدل: SELL | اعتماد: 0.55
2025-03-25 08:38:22,354 - INFO - Features:
     rsi       ema20   ch   atr    volume
8.292143 2035.589995 8.68 30.59 80.345876
2025-03-25 08:38:22,354 - INFO - تصمیم مدل: SELL | اعتماد: 0.58
2025-03-25 08:38:23,072 - INFO - Features:
     rsi    ema20       ch      atr       volume
0.001488 0.176822 0.001665 0.004112 1.211083e+06
2025-03-25 08:38:23,072 - INFO - تصمیم مدل: BUY | اعتماد: 0.71
2025-03-25 08:43:24,480 - INFO - Features:
       rsi        ema20     ch     atr    volume
321.781429 86075.269316 283.82 859.305 17.153072
2025-03-25 08:43:24,480 - INFO - تصمیم مدل: SELL | اعتماد: 0.55
2025-03-25 08:43:25,543 - INFO - Features:
     rsi       ema20   ch       atr    volume
8.324286 2035.632852 9.46 30.645714 81.555075
2025-03-25 08:43:25,543 - INFO - تصمیم مدل: SELL | اعتماد: 0.58
2025-03-25 08:43:26,621 - INFO - Features:
     rsi    ema20       ch      atr       volume
0.001504 0.176843 0.001859 0.004126 1.370943e+06
2025-03-25 08:43:26,621 - INFO - تصمیم مدل: BUY | اعتماد: 0.71
2025-03-25 08:48:27,909 - INFO - Features:
       rsi        ema20     ch     atr    volume
322.483571 86076.205506 283.82 859.305 18.865779
2025-03-25 08:48:27,909 - INFO - تصمیم مدل: SELL | اعتماد: 0.55
2025-03-25 08:48:28,534 - INFO - Features:
     rsi       ema20   ch       atr    volume
8.316429 2035.622376 9.46 30.645714 82.868457
2025-03-25 08:48:28,534 - INFO - تصمیم مدل: SELL | اعتماد: 0.58
2025-03-25 08:48:29,659 - INFO - Features:
     rsi    ema20       ch      atr       volume
0.001507 0.176847 0.001859 0.004126 1.419199e+06
2025-03-25 08:48:29,659 - INFO - تصمیم مدل: BUY | اعتماد: 0.71
2025-03-25 08:53:30,789 - INFO - Features:
       rsi        ema20     ch     atr    volume
321.801429 86075.295983 283.82 859.305 19.261197
2025-03-25 08:53:30,789 - INFO - تصمیم مدل: SELL | اعتماد: 0.55
2025-03-25 08:53:31,930 - INFO - Features:
     rsi       ema20   ch       atr    volume
8.217857 2035.490948 9.46 30.645714 87.380411
2025-03-25 08:53:31,930 - INFO - تصمیم مدل: SELL | اعتماد: 0.58
2025-03-25 08:53:32,617 - INFO - Features:
     rsi    ema20      ch      atr       volume
0.001512 0.176853 0.00186 0.004126 1.623807e+06
2025-03-25 08:53:32,617 - INFO - تصمیم مدل: BUY | اعتماد: 0.71
2025-03-25 08:58:33,868 - INFO - Features:
       rsi        ema20     ch        atr    volume
323.608571 86077.705506 305.84 860.877857 20.657003
2025-03-25 08:58:33,868 - INFO - تصمیم مدل: SELL | اعتماد: 0.55
2025-03-25 08:58:34,636 - INFO - Features:
     rsi       ema20   ch       atr    volume
8.273571 2035.565233 9.46 30.645714 89.108079
2025-03-25 08:58:34,636 - INFO - تصمیم مدل: SELL | اعتماد: 0.59
2025-03-25 08:58:35,812 - INFO - Features:
     rsi    ema20       ch      atr       volume
0.001509 0.176849 0.001927 0.004131 1.847385e+06
2025-03-25 08:58:35,812 - INFO - تصمیم مدل: BUY | اعتماد: 0.71
2025-03-25 09:03:37,026 - INFO - Features:
       rsi        ema20     ch        atr   volume
327.271429 86082.589316 352.33 864.198571 23.24329
2025-03-25 09:03:37,026 - INFO - تصمیم مدل: SELL | اعتماد: 0.56
2025-03-25 09:03:37,651 - INFO - Features:
     rsi       ema20   ch       atr    volume
8.216429 2035.489043 9.46 30.645714 96.408359
2025-03-25 09:03:37,651 - INFO - تصمیم مدل: SELL | اعتماد: 0.59
2025-03-25 09:03:38,308 - INFO - Features:
     rsi    ema20       ch      atr       volume
0.001498 0.176835 0.001927 0.004131 2.051588e+06
2025-03-25 09:03:38,308 - INFO - تصمیم مدل: BUY | اعتماد: 0.71
2025-03-25 09:08:39,332 - INFO - Features:
   rsi        ema20     ch        atr    volume
321.16 86074.440745 352.33 864.198571 23.978204
2025-03-25 09:08:39,332 - INFO - تصمیم مدل: SELL | اعتماد: 0.56
2025-03-25 09:08:40,084 - INFO - Features:
     rsi       ema20   ch       atr     volume
7.990714 2035.188091 9.46 30.645714 107.264467
2025-03-25 09:08:40,084 - INFO - تصمیم مدل: SELL | اعتماد: 0.6
2025-03-25 09:08:40,747 - INFO - Features:
     rsi    ema20       ch      atr       volume
0.001457 0.176781 0.001927 0.004131 2.199207e+06
2025-03-25 09:08:40,747 - INFO - تصمیم مدل: BUY | اعتماد: 0.71
2025-03-25 09:13:42,250 - INFO - Features:
       rsi        ema20     ch        atr   volume
321.354286 86074.699792 352.33 864.198571 25.11125
2025-03-25 09:13:42,250 - INFO - تصمیم مدل: SELL | اعتماد: 0.56
2025-03-25 09:13:42,900 - INFO - Features:
     rsi       ema20   ch       atr     volume
8.075714 2035.301424 9.46 30.645714 108.485971
2025-03-25 09:13:42,900 - INFO - تصمیم مدل: SELL | اعتماد: 0.6
2025-03-25 09:13:43,588 - INFO - Features:
     rsi    ema20       ch      atr       volume
0.001469 0.176796 0.001927 0.004131 2.268130e+06
2025-03-25 09:13:43,588 - INFO - تصمیم مدل: BUY | اعتماد: 0.71
2025-03-25 09:18:44,901 - INFO - Features:
       rsi        ema20    ch        atr    volume
327.510714 86082.908364 353.8 864.303571 25.519522
2025-03-25 09:18:44,901 - INFO - تصمیم مدل: SELL | اعتماد: 0.56
2025-03-25 09:18:45,573 - INFO - Features:
     rsi       ema20   ch       atr     volume
8.273571 2035.565233 9.46 30.645714 116.312852
2025-03-25 09:18:45,573 - INFO - تصمیم مدل: SELL | اعتماد: 0.6
2025-03-25 09:18:46,230 - INFO - Features:
     rsi    ema20       ch      atr       volume
0.001474 0.176803 0.001927 0.004131 2.534580e+06
2025-03-25 09:18:46,230 - INFO - تصمیم مدل: BUY | اعتماد: 0.71
2025-03-25 09:23:47,314 - INFO - Features:
       rsi        ema20     ch        atr    volume
335.156429 86093.102649 483.83 873.591429 28.067763
2025-03-25 09:23:47,314 - INFO - تصمیم مدل: SELL | اعتماد: 0.56
2025-03-25 09:23:48,183 - INFO - Features:
     rsi       ema20    ch       atr     volume
8.325714 2035.634757 10.31 30.706429 127.670664
2025-03-25 09:23:48,183 - INFO - تصمیم مدل: SELL | اعتماد: 0.61
2025-03-25 09:23:49,339 - INFO - Features:
     rsi    ema20       ch      atr       volume
0.001497 0.176834 0.001927 0.004131 2.976694e+06
2025-03-25 09:23:49,339 - INFO - تصمیم مدل: BUY | اعتماد: 0.71
2025-03-25 09:28:50,618 - INFO - Features:
       rsi        ema20     ch        atr    volume
334.561429 86092.309316 483.83 873.591429 30.068514
2025-03-25 09:28:50,618 - INFO - تصمیم مدل: SELL | اعتماد: 0.56
2025-03-25 09:28:51,446 - INFO - Features:
     rsi       ema20    ch       atr     volume
8.487143 2035.849995 11.16 30.767143 130.328515
2025-03-25 09:28:51,446 - INFO - تصمیم مدل: SELL | اعتماد: 0.61
2025-03-25 09:28:52,649 - INFO - Features:
    rsi    ema20       ch      atr       volume
0.00151 0.176851 0.001963 0.004133 3.461072e+06
2025-03-25 09:28:52,649 - INFO - تصمیم مدل: BUY | اعتماد: 0.71
2025-03-25 09:33:53,810 - INFO - Features:
       rsi       ema20     ch        atr    volume
338.000714 86096.89503 546.92 878.097857 32.912857
2025-03-25 09:33:53,810 - INFO - تصمیم مدل: SELL | اعتماد: 0.56
2025-03-25 09:33:54,513 - INFO - Features:
     rsi       ema20    ch       atr    volume
8.439286 2035.786186 12.33 30.850714 150.74389
2025-03-25 09:33:54,513 - INFO - تصمیم مدل: SELL | اعتماد: 0.61
2025-03-25 09:33:55,232 - INFO - Features:
     rsi    ema20       ch     atr       volume
0.001524 0.176869 0.002335 0.00416 3.889238e+06
2025-03-25 09:33:55,232 - INFO - تصمیم مدل: BUY | اعتماد: 0.71
2025-03-25 09:38:56,322 - INFO - Features:
       rsi       ema20     ch     atr    volume
354.770714 86119.25503 894.64 902.935 38.468044
2025-03-25 09:38:56,322 - INFO - تصمیم مدل: SELL | اعتماد: 0.56
2025-03-25 09:38:56,994 - INFO - Features:
     rsi       ema20    ch       atr     volume
8.651429 2036.069043 18.12 31.264286 222.622611
2025-03-25 09:38:56,994 - INFO - تصمیم مدل: SELL | اعتماد: 0.59
2025-03-25 09:38:58,213 - INFO - Features:
     rsi    ema20       ch      atr       volume
0.001565 0.176924 0.002983 0.004206 4.595025e+06
2025-03-25 09:38:58,213 - INFO - تصمیم مدل: BUY | اعتماد: 0.71
2025-03-25 09:43:59,204 - INFO - Features:
       rsi        ema20     ch     atr    volume
352.186429 86115.809316 894.64 902.935 40.492687
2025-03-25 09:43:59,204 - INFO - تصمیم مدل: SELL | اعتماد: 0.56
2025-03-25 09:43:59,985 - INFO - Features:
     rsi     ema20    ch       atr    volume
8.653571 2036.0719 18.12 31.264286 229.97518
2025-03-25 09:43:59,985 - INFO - تصمیم مدل: SELL | اعتماد: 0.62
2025-03-25 09:44:00,640 - INFO - Features:
     rsi    ema20       ch      atr       volume
0.001563 0.176921 0.002983 0.004206 4.796691e+06
2025-03-25 09:44:00,640 - INFO - تصمیم مدل: BUY | اعتماد: 0.71
2025-03-25 09:49:01,758 - INFO - Features:
   rsi        ema20     ch     atr    volume
364.85 86132.694078 894.64 902.935 42.705079
2025-03-25 09:49:01,758 - INFO - تصمیم مدل: SELL | اعتماد: 0.56
2025-03-25 09:49:02,899 - INFO - Features:
     rsi       ema20    ch       atr     volume
9.017143 2036.556662 18.56 31.295714 306.558076
2025-03-25 09:49:02,899 - INFO - تصمیم مدل: SELL | اعتماد: 0.57
2025-03-25 09:49:04,102 - INFO - Features:
     rsi    ema20       ch     atr       volume
0.001627 0.177007 0.003452 0.00424 5.050016e+06
2025-03-25 09:49:04,102 - INFO - تصمیم مدل: BUY | اعتماد: 0.71
2025-03-25 09:54:05,207 - INFO - Features:
       rsi        ema20     ch        atr    volume
366.326429 86134.662649 935.48 905.852143 44.993623
2025-03-25 09:54:05,207 - INFO - تصمیم مدل: SELL | اعتماد: 0.56
2025-03-25 09:54:06,046 - INFO - Features:
     rsi     ema20    ch   atr     volume
8.983571 2036.5119 20.16 31.41 327.775181
2025-03-25 09:54:06,046 - INFO - تصمیم مدل: SELL | اعتماد: 0.57
2025-03-25 09:54:06,733 - INFO - Features:
    rsi   ema20       ch      atr       volume
0.00163 0.17701 0.003811 0.004265 5.931427e+06
2025-03-25 09:54:06,733 - INFO - تصمیم مدل: BUY | اعتماد: 0.71
2025-03-25 09:59:07,994 - INFO - Features:
       rsi        ema20     ch        atr    volume
362.612143 86129.710268 935.48 905.852143 49.944312
2025-03-25 09:59:07,994 - INFO - تصمیم مدل: SELL | اعتماد: 0.56
2025-03-25 09:59:08,634 - INFO - Features:
 rsi       ema20    ch   atr     volume
8.99 2036.520472 20.16 31.41 340.849874
2025-03-25 09:59:08,634 - INFO - تصمیم مدل: SELL | اعتماد: 0.57
2025-03-25 09:59:09,514 - INFO - Features:
     rsi    ema20       ch      atr       volume
0.001609 0.176982 0.003811 0.004265 6.006641e+06
2025-03-25 09:59:09,514 - INFO - تصمیم مدل: BUY | اعتماد: 0.71
2025-03-25 10:04:10,513 - INFO - Features:
       rsi        ema20     ch        atr    volume
358.227857 86123.864554 935.48 905.852143 56.198835
2025-03-25 10:04:10,513 - INFO - تصمیم مدل: SELL | اعتماد: 0.56
2025-03-25 10:04:11,216 - INFO - Features:
     rsi       ema20    ch   atr     volume
8.826429 2036.302376 20.16 31.41 366.041444
2025-03-25 10:04:11,216 - INFO - تصمیم مدل: SELL | اعتماد: 0.57
2025-03-25 10:04:11,982 - INFO - Features:
     rsi   ema20       ch      atr       volume
0.001577 0.17694 0.003811 0.004265 6.207559e+06
2025-03-25 10:04:11,982 - INFO - تصمیم مدل: BUY | اعتماد: 0.71
2025-03-25 10:09:13,104 - INFO - Features:
   rsi        ema20     ch        atr    volume
354.71 86119.174078 935.48 905.852143 58.818656
2025-03-25 10:09:13,104 - INFO - تصمیم مدل: SELL | اعتماد: 0.56
2025-03-25 10:09:14,321 - INFO - Features:
     rsi       ema20    ch   atr    volume
8.631429 2036.042376 20.16 31.41 384.46425
2025-03-25 10:09:14,321 - INFO - تصمیم مدل: SELL | اعتماد: 0.56
2025-03-25 10:09:15,039 - INFO - Features:
     rsi    ema20       ch      atr       volume
0.001564 0.176923 0.003811 0.004265 6.404518e+06
2025-03-25 10:09:15,039 - INFO - تصمیم مدل: BUY | اعتماد: 0.71
2025-03-25 10:14:16,201 - INFO - Features:
       rsi        ema20     ch        atr    volume
348.655714 86111.101697 935.48 905.852143 62.503796
2025-03-25 10:14:16,201 - INFO - تصمیم مدل: SELL | اعتماد: 0.57
2025-03-25 10:14:16,982 - INFO - Features:
  rsi       ema20    ch   atr    volume
8.525 2035.900472 20.16 31.41 402.91251
2025-03-25 10:14:16,982 - INFO - تصمیم مدل: SELL | اعتماد: 0.56
2025-03-25 10:14:17,779 - INFO - Features:
     rsi    ema20       ch      atr       volume
0.001552 0.176907 0.003811 0.004265 6917266.5239
2025-03-25 10:14:17,779 - INFO - تصمیم مدل: BUY | اعتماد: 0.71
2025-03-25 10:19:18,994 - INFO - Features:
       rsi        ema20     ch        atr    volume
344.222857 86105.191221 935.48 905.852143 66.560863
2025-03-25 10:19:18,994 - INFO - تصمیم مدل: SELL | اعتماد: 0.57
2025-03-25 10:19:19,749 - INFO - Features:
     rsi       ema20    ch   atr     volume
8.337857 2035.650948 20.16 31.41 423.421287
2025-03-25 10:19:19,749 - INFO - تصمیم مدل: SELL | اعتماد: 0.56
2025-03-25 10:19:20,469 - INFO - Features:
     rsi    ema20       ch      atr       volume
0.001541 0.176891 0.003811 0.004265 7.039486e+06
2025-03-25 10:19:20,469 - INFO - تصمیم مدل: BUY | اعتماد: 0.71
2025-03-25 10:24:21,476 - INFO - Features:
       rsi        ema20     ch        atr    volume
344.517143 86105.583602 935.48 905.852143 67.420011
2025-03-25 10:24:21,476 - INFO - تصمیم مدل: SELL | اعتماد: 0.57
2025-03-25 10:24:22,249 - INFO - Features:
     rsi       ema20    ch   atr     volume
8.411429 2035.749043 20.16 31.41 454.643348
2025-03-25 10:24:22,249 - INFO - تصمیم مدل: SELL | اعتماد: 0.56
2025-03-25 10:24:23,063 - INFO - Features:
     rsi    ema20       ch      atr       volume
0.001566 0.176925 0.003811 0.004265 7.115587e+06
2025-03-25 10:24:23,063 - INFO - تصمیم مدل: BUY | اعتماد: 0.71
2025-03-25 10:29:24,061 - INFO - Features:
       rsi        ema20     ch        atr    volume
352.159286 86115.773126 935.48 905.852143 67.872827
2025-03-25 10:29:24,061 - INFO - تصمیم مدل: SELL | اعتماد: 0.57
2025-03-25 10:29:24,858 - INFO - Features:
     rsi     ema20    ch   atr     volume
8.803571 2036.2719 20.16 31.41 469.561791
2025-03-25 10:29:24,858 - INFO - تصمیم مدل: SELL | اعتماد: 0.57
2025-03-25 10:29:25,483 - INFO - Features:
     rsi    ema20       ch      atr       volume
0.001618 0.176994 0.003811 0.004265 7.173570e+06
2025-03-25 10:29:25,483 - INFO - تصمیم مدل: BUY | اعتماد: 0.71
2025-03-25 10:34:27,029 - INFO - Features:
       rsi        ema20     ch        atr    volume
350.514286 86113.579792 935.48 905.852143 71.139855
2025-03-25 10:34:27,029 - INFO - تصمیم مدل: SELL | اعتماد: 0.57
2025-03-25 10:34:28,060 - INFO - Features:
     rsi       ema20    ch   atr     volume
8.830714 2036.308091 20.16 31.41 511.020491
2025-03-25 10:34:28,060 - INFO - تصمیم مدل: SELL | اعتماد: 0.57
2025-03-25 10:34:29,080 - INFO - Features:
     rsi    ema20       ch      atr       volume
0.001597 0.176967 0.003811 0.004265 7.589245e+06
2025-03-25 10:34:29,080 - INFO - تصمیم مدل: BUY | اعتماد: 0.71
2025-03-25 10:39:30,152 - INFO - Features:
       rsi        ema20     ch        atr    volume
351.707143 86115.170268 935.48 905.852143 72.698566
2025-03-25 10:39:30,152 - INFO - تصمیم مدل: SELL | اعتماد: 0.57
2025-03-25 10:39:30,749 - INFO - Features:
     rsi       ema20    ch   atr     volume
8.872143 2036.363329 20.16 31.41 545.439894
2025-03-25 10:39:30,749 - INFO - تصمیم مدل: SELL | اعتماد: 0.56
2025-03-25 10:39:31,410 - INFO - Features:
    rsi    ema20       ch      atr       volume
0.00164 0.177024 0.003811 0.004265 7667017.2145
2025-03-25 10:39:31,410 - INFO - تصمیم مدل: BUY | اعتماد: 0.71
2025-03-25 10:44:32,696 - INFO - Features:
       rsi        ema20     ch        atr    volume
358.759286 86124.573126 935.48 905.852143 73.318005
2025-03-25 10:44:32,696 - INFO - تصمیم مدل: SELL | اعتماد: 0.57
2025-03-25 10:44:33,618 - INFO - Features:
     rsi       ema20    ch       atr     volume
9.173571 2036.765233 20.95 31.466429 548.419937
2025-03-25 10:44:33,618 - INFO - تصمیم مدل: SELL | اعتماد: 0.56
2025-03-25 10:44:34,328 - INFO - Features:
     rsi    ema20       ch     atr       volume
0.001664 0.177055 0.004162 0.00429 8.383599e+06
2025-03-25 10:44:34,328 - INFO - تصمیم مدل: BUY | اعتماد: 0.71
2025-03-25 10:49:35,778 - INFO - Features:
       rsi        ema20     ch        atr    volume
358.364286 86124.046459 935.48 905.852143 74.133072
2025-03-25 10:49:35,778 - INFO - تصمیم مدل: SELL | اعتماد: 0.57
2025-03-25 10:49:36,936 - INFO - Features:
     rsi       ema20    ch       atr     volume
9.087857 2036.650948 20.95 31.466429 580.999493
2025-03-25 10:49:36,936 - INFO - تصمیم مدل: SELL | اعتماد: 0.55
2025-03-25 10:49:37,982 - INFO - Features:
     rsi    ema20       ch      atr       volume
0.001688 0.177088 0.004365 0.004305 8.529212e+06
2025-03-25 10:49:37,982 - INFO - تصمیم مدل: BUY | اعتماد: 0.71
2025-03-25 10:54:39,129 - INFO - Features:
       rsi        ema20     ch        atr   volume
355.054286 86119.633126 935.48 905.852143 75.65759
2025-03-25 10:54:39,129 - INFO - تصمیم مدل: SELL | اعتماد: 0.57
2025-03-25 10:54:39,837 - INFO - Features:
     rsi       ema20    ch       atr     volume
9.015714 2036.554757 20.95 31.466429 663.754928
2025-03-25 10:54:39,837 - INFO - تصمیم مدل: SELL | اعتماد: 0.53
2025-03-25 10:54:40,704 - INFO - Features:
     rsi   ema20       ch      atr       volume
0.001629 0.17701 0.004365 0.004305 8.707067e+06
2025-03-25 10:54:40,704 - INFO - تصمیم مدل: BUY | اعتماد: 0.71
2025-03-25 10:59:42,001 - INFO - Features:
       rsi        ema20     ch        atr    volume
353.865714 86118.048364 935.48 905.852143 77.625824
2025-03-25 10:59:42,001 - INFO - تصمیم مدل: SELL | اعتماد: 0.58
2025-03-25 10:59:42,626 - INFO - Features:
     rsi       ema20    ch       atr     volume
8.891429 2036.389043 20.95 31.466429 683.814999
2025-03-25 10:59:42,626 - INFO - تصمیم مدل: SELL | اعتماد: 0.52
2025-03-25 10:59:43,251 - INFO - Features:
     rsi    ema20       ch      atr       volume
0.001641 0.177026 0.004365 0.004305 8.821431e+06
2025-03-25 10:59:43,251 - INFO - تصمیم مدل: BUY | اعتماد: 0.71
2025-03-25 11:04:44,841 - INFO - Features:
       rsi        ema20     ch        atr    volume
357.319286 86122.653126 935.48 905.852143 78.856943
2025-03-25 11:04:44,841 - INFO - تصمیم مدل: SELL | اعتماد: 0.58
2025-03-25 11:04:45,867 - INFO - Features:
     rsi      ema20    ch       atr     volume
8.746429 2036.19571 20.95 31.466429 697.648356
2025-03-25 11:04:45,867 - INFO - تصمیم مدل: SELL | اعتماد: 0.53
2025-03-25 11:04:46,977 - INFO - Features:
     rsi    ema20       ch      atr       volume
0.001626 0.177005 0.004365 0.004305 8.867073e+06
2025-03-25 11:04:46,977 - INFO - تصمیم مدل: BUY | اعتماد: 0.71
2025-03-25 11:09:47,808 - INFO - Features:
       rsi        ema20     ch        atr    volume
350.106429 86113.035983 935.48 905.852143 80.060409
2025-03-25 11:09:47,808 - INFO - تصمیم مدل: SELL | اعتماد: 0.58
2025-03-25 11:09:48,449 - INFO - Features:
     rsi       ema20    ch       atr     volume
8.588571 2035.985233 20.95 31.466429 716.843935
2025-03-25 11:09:48,449 - INFO - تصمیم مدل: SELL | اعتماد: 0.55
2025-03-25 11:09:49,074 - INFO - Features:
     rsi    ema20       ch      atr       volume
0.001589 0.176956 0.004365 0.004305 8.945394e+06
2025-03-25 11:09:49,074 - INFO - تصمیم مدل: BUY | اعتماد: 0.71
2025-03-25 11:14:50,499 - INFO - Features:
       rsi        ema20     ch        atr    volume
356.219286 86121.186459 935.48 905.852143 81.417109
2025-03-25 11:14:50,499 - INFO - تصمیم مدل: SELL | اعتماد: 0.58
2025-03-25 11:14:51,545 - INFO - Features:
     rsi       ema20    ch       atr     volume
8.706429 2036.142376 20.95 31.466429 734.138711
2025-03-25 11:14:51,545 - INFO - تصمیم مدل: SELL | اعتماد: 0.55
2025-03-25 11:14:52,608 - INFO - Features:
     rsi    ema20       ch      atr       volume
0.001606 0.176979 0.004365 0.004305 8.983188e+06
2025-03-25 11:14:52,608 - INFO - تصمیم مدل: BUY | اعتماد: 0.71
2025-03-25 11:19:53,649 - INFO - Features:
    rsi        ema20     ch        atr   volume
365.785 86133.940745 935.48 905.852143 82.13703
2025-03-25 11:19:53,649 - INFO - تصمیم مدل: SELL | اعتماد: 0.58
2025-03-25 11:19:54,289 - INFO - Features:
  rsi       ema20    ch       atr     volume
8.895 2036.393805 20.95 31.466429 754.184337
2025-03-25 11:19:54,289 - INFO - تصمیم مدل: SELL | اعتماد: 0.54
2025-03-25 11:19:54,930 - INFO - Features:
     rsi    ema20       ch      atr       volume
0.001648 0.177034 0.004365 0.004305 9.531323e+06
2025-03-25 11:19:54,930 - INFO - تصمیم مدل: BUY | اعتماد: 0.71
2025-03-25 11:24:56,135 - INFO - Features:
    rsi        ema20     ch        atr    volume
369.585 86139.007411 943.84 906.449286 82.887083
2025-03-25 11:24:56,135 - INFO - تصمیم مدل: SELL | اعتماد: 0.58
2025-03-25 11:24:56,963 - INFO - Features:
     rsi       ema20    ch       atr     volume
8.906429 2036.409043 20.95 31.466429 757.712512
2025-03-25 11:24:56,963 - INFO - تصمیم مدل: SELL | اعتماد: 0.54
2025-03-25 11:24:57,698 - INFO - Features:
     rsi    ema20       ch      atr       volume
0.001636 0.177019 0.004365 0.004305 9.617544e+06
2025-03-25 11:24:57,698 - INFO - تصمیم مدل: BUY | اعتماد: 0.71
2025-03-25 11:29:58,927 - INFO - Features:
       rsi       ema20     ch        atr    volume
367.250714 86135.89503 943.84 906.449286 83.477467
2025-03-25 11:29:58,927 - INFO - تصمیم مدل: SELL | اعتماد: 0.58
2025-03-25 11:29:59,631 - INFO - Features:
     rsi       ema20    ch       atr     volume
8.877143 2036.369995 20.95 31.466429 777.881424
2025-03-25 11:29:59,631 - INFO - تصمیم مدل: SELL | اعتماد: 0.55
2025-03-25 11:30:00,287 - INFO - Features:
     rsi    ema20       ch      atr       volume
0.001656 0.177045 0.004365 0.004305 1.027744e+07
2025-03-25 11:30:00,287 - INFO - تصمیم مدل: BUY | اعتماد: 0.71
2025-03-25 11:35:01,574 - INFO - Features:
       rsi        ema20     ch        atr    volume
371.361429 86141.375983 969.55 908.285714 84.939266
2025-03-25 11:35:01,574 - INFO - تصمیم مدل: SELL | اعتماد: 0.58
2025-03-25 11:35:02,371 - INFO - Features:
     rsi       ema20    ch       atr     volume
8.963571 2036.485233 20.95 31.466429 821.904368
2025-03-25 11:35:02,371 - INFO - تصمیم مدل: SELL | اعتماد: 0.56
2025-03-25 11:35:03,152 - INFO - Features:
     rsi    ema20       ch      atr       volume
0.001683 0.177082 0.004365 0.004305 1.053486e+07
2025-03-25 11:35:03,152 - INFO - تصمیم مدل: BUY | اعتماد: 0.71
2025-03-25 11:40:04,537 - INFO - Features:
       rsi        ema20      ch        atr    volume
364.389286 86132.079792 1033.84 912.877857 88.524053
2025-03-25 11:40:04,537 - INFO - تصمیم مدل: SELL | اعتماد: 0.59
2025-03-25 11:40:05,178 - INFO - Features:
     rsi       ema20    ch       atr     volume
8.874286 2036.366186 20.95 31.466429 851.486701
2025-03-25 11:40:05,178 - INFO - تصمیم مدل: SELL | اعتماد: 0.56
2025-03-25 11:40:05,850 - INFO - Features:
     rsi    ema20       ch      atr       volume
0.001622 0.177001 0.004553 0.004318 1.153788e+07
2025-03-25 11:40:05,850 - INFO - تصمیم مدل: BUY | اعتماد: 0.71
2025-03-25 11:45:07,266 - INFO - Features:
       rsi       ema20     ch        atr    volume
376.445714 86148.15503 1038.9 913.239286 90.579004
2025-03-25 11:45:07,266 - INFO - تصمیم مدل: SELL | اعتماد: 0.59
2025-03-25 11:45:07,985 - INFO - Features:
     rsi       ema20    ch       atr     volume
8.961429 2036.482376 20.95 31.466429 872.566646
2025-03-25 11:45:07,985 - INFO - تصمیم مدل: SELL | اعتماد: 0.53
2025-03-25 11:45:08,657 - INFO - Features:
     rsi    ema20       ch      atr       volume
0.001655 0.177044 0.004553 0.004318 1.229709e+07
2025-03-25 11:45:08,657 - INFO - تصمیم مدل: BUY | اعتماد: 0.71
2025-03-25 11:50:09,786 - INFO - Features:
       rsi        ema20      ch        atr    volume
375.334286 86146.673126 1053.83 914.305714 92.189589
2025-03-25 11:50:09,786 - INFO - تصمیم مدل: SELL | اعتماد: 0.59
2025-03-25 11:50:10,932 - INFO - Features:
 rsi       ema20    ch       atr     volume
8.93 2036.440472 20.95 31.466429 908.455664
2025-03-25 11:50:10,932 - INFO - تصمیم مدل: SELL | اعتماد: 0.53
2025-03-25 11:50:11,745 - INFO - Features:
    rsi    ema20       ch      atr       volume
0.00167 0.177063 0.004553 0.004318 1.258806e+07
2025-03-25 11:50:11,745 - INFO - تصمیم مدل: BUY | اعتماد: 0.71
2025-03-25 11:55:13,278 - INFO - Features:
       rsi        ema20      ch        atr    volume
373.166429 86143.782649 1053.83 914.305714 93.983953
2025-03-25 11:55:13,278 - INFO - تصمیم مدل: SELL | اعتماد: 0.59
2025-03-25 11:55:14,106 - INFO - Features:
     rsi       ema20    ch       atr     volume
8.913571 2036.418567 20.95 31.466429 959.722726
2025-03-25 11:55:14,106 - INFO - تصمیم مدل: BUY | اعتماد: 0.54
2025-03-25 11:55:14,762 - INFO - Features:
     rsi    ema20       ch      atr       volume
0.001645 0.177031 0.004553 0.004318 1.272247e+07
2025-03-25 11:55:14,762 - INFO - تصمیم مدل: BUY | اعتماد: 0.71
2025-03-25 12:00:15,600 - INFO - Features:
       rsi        ema20   ch        atr   volume
371.311429 86267.609878 31.0 902.456429 0.209545
2025-03-25 12:00:15,600 - INFO - تصمیم مدل: SELL | اعتماد: 0.55
2025-03-25 12:00:16,711 - INFO - Features:
     rsi       ema20   ch       atr   volume
8.818571 2039.491855 1.02 29.728571 9.037105
2025-03-25 12:00:16,711 - INFO - تصمیم مدل: SELL | اعتماد: 0.57
2025-03-25 12:00:17,493 - INFO - Features:
     rsi    ema20       ch      atr     volume
0.001569 0.177871 0.000142 0.004116 6260.11665
2025-03-25 12:00:17,493 - INFO - تصمیم مدل: BUY | اعتماد: 0.71
2025-03-25 12:05:18,874 - INFO - Features:
       rsi        ema20     ch        atr   volume
369.097143 86256.710831 122.95 909.024286 2.576539
2025-03-25 12:05:18,874 - INFO - تصمیم مدل: SELL | اعتماد: 0.55
2025-03-25 12:05:20,192 - INFO - Features:
     rsi       ema20   ch       atr     volume
8.767857 2039.170903 4.16 29.952857 102.723324
2025-03-25 12:05:20,192 - INFO - تصمیم مدل: SELL | اعتماد: 0.59
2025-03-25 12:05:21,248 - INFO - Features:
     rsi    ema20       ch      atr      volume
0.001569 0.177872 0.000632 0.004151 84679.97082
2025-03-25 12:05:21,248 - INFO - تصمیم مدل: BUY | اعتماد: 0.71
2025-03-25 12:10:22,431 - INFO - Features:
       rsi        ema20     ch     atr   volume
369.097143 86249.667974 244.34 917.695 4.725635
2025-03-25 12:10:22,431 - INFO - تصمیم مدل: SELL | اعتماد: 0.55
2025-03-25 12:10:23,103 - INFO - Features:
     rsi       ema20    ch       atr     volume
8.767857 2038.968998 12.69 30.562143 381.489407
2025-03-25 12:10:23,103 - INFO - تصمیم مدل: SELL | اعتماد: 0.56
2025-03-25 12:10:23,714 - INFO - Features:
     rsi    ema20       ch      atr        volume
0.001564 0.177818 0.000931 0.004173 424812.393626
2025-03-25 12:10:23,714 - INFO - تصمیم مدل: BUY | اعتماد: 0.71
2025-03-25 12:15:24,774 - INFO - Features:
       rsi        ema20     ch     atr   volume
369.097143 86257.690831 244.34 917.695 9.286572
2025-03-25 12:15:24,774 - INFO - تصمیم مدل: SELL | اعتماد: 0.55
2025-03-25 12:15:25,353 - INFO - Features:
     rsi       ema20    ch       atr     volume
8.767857 2039.264236 12.69 30.562143 404.255573
2025-03-25 12:15:25,353 - INFO - تصمیم مدل: SELL | اعتماد: 0.56
2025-03-25 12:15:26,196 - INFO - Features:
     rsi    ema20       ch      atr        volume
0.001566 0.177868 0.000931 0.004173 541975.612558
2025-03-25 12:15:26,196 - INFO - تصمیم مدل: BUY | اعتماد: 0.71
2025-03-25 12:20:27,218 - INFO - Features:
       rsi        ema20     ch     atr   volume
369.097143 86245.847021 244.34 917.695 12.88119
2025-03-25 12:20:27,218 - INFO - تصمیم مدل: SELL | اعتماد: 0.55
2025-03-25 12:20:27,845 - INFO - Features:
     rsi       ema20    ch       atr    volume
8.767857 2038.920426 12.69 30.562143 446.60564
2025-03-25 12:20:27,845 - INFO - تصمیم مدل: SELL | اعتماد: 0.56
2025-03-25 12:20:28,470 - INFO - Features:
     rsi    ema20       ch      atr       volume
0.001564 0.177815 0.000931 0.004173 1.024546e+06
2025-03-25 12:20:28,470 - INFO - تصمیم مدل: BUY | اعتماد: 0.71
2025-03-25 12:25:29,435 - INFO - Features:
       rsi        ema20     ch     atr    volume
369.097143 86248.187021 244.34 917.695 15.309945
2025-03-25 12:25:29,435 - INFO - تصمیم مدل: SELL | اعتماد: 0.55
2025-03-25 12:25:30,331 - INFO - Features:
     rsi       ema20    ch       atr     volume
8.767857 2038.930903 12.69 30.562143 468.924087
2025-03-25 12:25:30,331 - INFO - تصمیم مدل: SELL | اعتماد: 0.57
2025-03-25 12:25:31,065 - INFO - Features:
     rsi    ema20       ch      atr       volume
0.001564 0.177849 0.000931 0.004173 1.287031e+06
2025-03-25 12:25:31,065 - INFO - تصمیم مدل: BUY | اعتماد: 0.71
2025-03-25 12:32:56,334 - INFO - Features:
       rsi        ema20     ch     atr    volume
369.097143 86249.404164 244.34 917.695 16.352624
2025-03-25 12:32:56,334 - INFO - تصمیم مدل: SELL | اعتماد: 0.55
2025-03-25 12:32:57,041 - INFO - Features:
     rsi       ema20    ch       atr   volume
8.767857 2038.992807 12.69 30.562143 530.1915
2025-03-25 12:32:57,041 - INFO - تصمیم مدل: SELL | اعتماد: 0.56
2025-03-25 12:32:57,744 - INFO - Features:
     rsi    ema20       ch      atr       volume
0.001591 0.177901 0.001492 0.004213 1.444818e+06
2025-03-25 12:32:57,744 - INFO - تصمیم مدل: BUY | اعتماد: 0.71
2025-03-25 22:49:33,790 - INFO - Features:
       rsi       ema20      ch         atr    volume
354.534286 86573.42452 1340.97 1039.717857 61.587942
2025-03-25 22:49:33,790 - INFO - تصمیم مدل: SELL | اعتماد: 0.57
